<?xml version="1.0" encoding="utf-8"?><testsuites name="pytest tests"><testsuite name="pytest" errors="0" failures="0" skipped="5" tests="20" time="2.593" timestamp="2026-03-18T13:13:06.678651+00:00" hostname="agent-env-b39a0877-14fd-450d-bf2e-f43f2aef126a"><testcase classname="backend.tests.test_catalog_recommendations" name="test_items_catalog_returns_only_sale_status_1" time="0.008"><skipped type="pytest.skip" message="items.parquet missing expected columns for validation">/app/backend/tests/test_catalog_recommendations.py:102: items.parquet missing expected columns for validation</skipped></testcase><testcase classname="backend.tests.test_catalog_recommendations" name="test_items_catalog_search_sort_and_pagination" time="0.231" /><testcase classname="backend.tests.test_catalog_recommendations" name="test_items_catalog_filter_by_category_and_brand" time="0.120" /><testcase classname="backend.tests.test_catalog_recommendations" name="test_items_catalog_excludes_known_unavailable_item" time="0.000"><skipped type="pytest.skip" message="items.parquet missing expected columns for validation">/app/backend/tests/test_catalog_recommendations.py:145: items.parquet missing expected columns for validation</skipped></testcase><testcase classname="backend.tests.test_catalog_recommendations" name="test_get_item_details_for_sale_status_1_item" time="0.208" /><testcase classname="backend.tests.test_catalog_recommendations" name="test_get_item_details_returns_404_for_unavailable_item" time="0.000"><skipped type="pytest.skip" message="items.parquet missing expected columns for validation">/app/backend/tests/test_catalog_recommendations.py:166: items.parquet missing expected columns for validation</skipped></testcase><testcase classname="backend.tests.test_catalog_recommendations" name="test_recommendations_frequently_bought_matches_tx_frequency" time="0.000"><skipped type="pytest.skip" message="items.parquet missing expected columns for validation">/app/backend/tests/test_catalog_recommendations.py:176: items.parquet missing expected columns for validation</skipped></testcase><testcase classname="backend.tests.test_catalog_recommendations" name="test_recommendations_relevant_stream_matches_category_brand_logic" time="0.000"><skipped type="pytest.skip" message="items.parquet missing expected columns for validation">/app/backend/tests/test_catalog_recommendations.py:208: items.parquet missing expected columns for validation</skipped></testcase><testcase classname="backend.tests.test_catalog_recommendations" name="test_recommendations_only_returns_sale_status_1_items" time="0.301" /><testcase classname="backend.tests.test_item_recommendations_detail_rules" name="test_item_recommendations_returns_has_rule_false_when_rule_missing" time="0.305" /><testcase classname="backend.tests.test_item_recommendations_detail_rules" name="test_item_recommendations_ta_type_returns_similar_and_top5_upsell_sorted" time="0.094" /><testcase classname="backend.tests.test_item_recommendations_detail_rules" name="test_item_recommendations_non_ta_returns_similar_without_upsell" time="0.097" /><testcase classname="backend.tests.test_search_recommendations_json_rules" name="test_search_recommendations_returns_similar_items_from_json_rules" time="0.371" /><testcase classname="backend.tests.test_search_recommendations_json_rules" name="test_ta_variant_query_returns_top_5_upsell_sorted_desc" time="0.107" /><testcase classname="backend.tests.test_search_recommendations_json_rules" name="test_non_ta_query_hides_upsell_even_if_rule_has_upsell" time="0.106" /><testcase classname="backend.tests.test_search_recommendations_json_rules" name="test_all_ta_variants_mark_query_as_ta[t\xe3]" time="0.104" /><testcase classname="backend.tests.test_search_recommendations_json_rules" name="test_all_ta_variants_mark_query_as_ta[T\xe3]" time="0.105" /><testcase classname="backend.tests.test_search_recommendations_json_rules" name="test_all_ta_variants_mark_query_as_ta[t\xc3]" time="0.114" /><testcase classname="backend.tests.test_search_recommendations_json_rules" name="test_all_ta_variants_mark_query_as_ta[T\xc3]" time="0.097" /><testcase classname="backend.tests.test_search_recommendations_json_rules" name="test_unmatched_query_returns_empty_payload" time="0.077" /></testsuite></testsuites>